02-Jan-22 00:43:47 - Storing the input file Resource2.xlsm to the directory C:\Users\atulkumarrai\PycharmProjects\Ineuron practice\Ineuron_practice\DAF_Code_Review\Input_Resource_Files
02-Jan-22 00:43:47 - Reading the file <FileStorage: 'Resource2.xlsm' ('application/vnd.ms-excel.sheet.macroEnabled.12')> entered by user
02-Jan-22 00:43:47 - Checking if file is empty
02-Jan-22 00:43:47 - Creating the Review columns
02-Jan-22 00:43:47 - Selecting column from input file to perform review
02-Jan-22 00:43:47 - converting pandas series to list
02-Jan-22 00:43:47 - Checking the total round brackets in //*(id='Atul')
02-Jan-22 00:43:47 - Checking the total square brackets in //*(id='Atul')
02-Jan-22 00:43:47 - Checking the presence of asterisk in //*(id='Atul')
02-Jan-22 00:43:47 - Checking the count of single quotes in //*(id='Atul')
02-Jan-22 00:43:47 - Checking the count of double quotes in //*(id='Atul')
02-Jan-22 00:43:47 - Checking whether xpath //*(id='Atul') starts from single slash
02-Jan-22 00:43:47 - Checking the presence of slashes in //*(id='Atul')
02-Jan-22 00:43:47 - Checking if xpath //*(id='Atul') starts from alphanumeric
02-Jan-22 00:43:47 - creating the list of xpaths
02-Jan-22 00:43:47 - Appending to the round brackets list
02-Jan-22 00:43:47 - Checking the total round brackets in //*(id='Atul')
02-Jan-22 00:43:47 - Appending to square brackets square presence check list
02-Jan-22 00:43:47 - Checking the presence of square brackets in //*(id='Atul')
02-Jan-22 00:43:47 - Appending to the single quotes list
02-Jan-22 00:43:47 - Checking the count of single quotes in //*(id='Atul')
02-Jan-22 00:43:47 - Appending to the double quotes list
02-Jan-22 00:43:47 - Checking the count of double quotes in //*(id='Atul')
02-Jan-22 00:43:47 - Appending to the asterisk presence list
02-Jan-22 00:43:47 - Checking the presence of asterisk in //*(id='Atul')
02-Jan-22 00:43:47 - Appending to the single slash start list
02-Jan-22 00:43:47 - Checking whether xpath //*(id='Atul') starts from single slash
02-Jan-22 00:43:47 - Appending to slashes absence check list
02-Jan-22 00:43:47 - Checking the presence of slashes in //*(id='Atul')
02-Jan-22 00:43:47 - Checking the presence of slashes in //*(id='Atul')
02-Jan-22 00:43:47 - Appending to the squared brackets list
02-Jan-22 00:43:47 - Checking the total square brackets in //*(id='Atul')
02-Jan-22 00:43:47 - Appending to alnum start list
02-Jan-22 00:43:47 - Checking if xpath //*(id='Atul') starts from alphanumeric
02-Jan-22 00:43:47 - Started the review decider function
02-Jan-22 00:43:47 - Writing the reviews to the updated dataframe
02-Jan-22 00:43:47 - Checking the total round brackets in 12345
02-Jan-22 00:43:47 - Checking the total square brackets in 12345
02-Jan-22 00:43:47 - Checking the presence of asterisk in 12345
02-Jan-22 00:43:47 - Checking the count of single quotes in 12345
02-Jan-22 00:43:47 - Checking the count of double quotes in 12345
02-Jan-22 00:43:47 - Checking whether xpath 12345 starts from single slash
02-Jan-22 00:43:47 - Checking the presence of slashes in 12345
02-Jan-22 00:43:47 - Checking if xpath 12345 starts from alphanumeric
02-Jan-22 00:43:47 - creating the list of xpaths
02-Jan-22 00:43:47 - Appending to the round brackets list
02-Jan-22 00:43:47 - Checking the total round brackets in 12345
02-Jan-22 00:43:47 - Appending to square brackets square presence check list
02-Jan-22 00:43:47 - Checking the presence of square brackets in 12345
02-Jan-22 00:43:47 - Appending to the single quotes list
02-Jan-22 00:43:47 - Checking the count of single quotes in 12345
02-Jan-22 00:43:47 - Appending to the double quotes list
02-Jan-22 00:43:47 - Checking the count of double quotes in 12345
02-Jan-22 00:43:47 - Appending to the asterisk presence list
02-Jan-22 00:43:47 - Checking the presence of asterisk in 12345
02-Jan-22 00:43:47 - Appending to the single slash start list
02-Jan-22 00:43:47 - Checking whether xpath 12345 starts from single slash
02-Jan-22 00:43:47 - Appending to slashes absence check list
02-Jan-22 00:43:47 - Checking the presence of slashes in 12345
02-Jan-22 00:43:47 - Checking the presence of slashes in 12345
02-Jan-22 00:43:47 - Appending to the squared brackets list
02-Jan-22 00:43:47 - Checking the total square brackets in 12345
02-Jan-22 00:43:47 - Appending to alnum start list
02-Jan-22 00:43:47 - Checking if xpath 12345 starts from alphanumeric
02-Jan-22 00:43:47 - Started the review decider function
02-Jan-22 00:43:47 - Writing the reviews to the updated dataframe
02-Jan-22 00:43:47 - Checking the total round brackets in hello this is just a test
02-Jan-22 00:43:47 - Checking the total square brackets in hello this is just a test
02-Jan-22 00:43:47 - Checking the presence of asterisk in hello this is just a test
02-Jan-22 00:43:47 - Checking the count of single quotes in hello this is just a test
02-Jan-22 00:43:47 - Checking the count of double quotes in hello this is just a test
02-Jan-22 00:43:47 - Checking whether xpath hello this is just a test starts from single slash
02-Jan-22 00:43:47 - Checking the presence of slashes in hello this is just a test
02-Jan-22 00:43:47 - Checking if xpath hello this is just a test starts from alphanumeric
02-Jan-22 00:43:47 - creating the list of xpaths
02-Jan-22 00:43:47 - Appending to the round brackets list
02-Jan-22 00:43:47 - Checking the total round brackets in hello this is just a test
02-Jan-22 00:43:47 - Appending to square brackets square presence check list
02-Jan-22 00:43:47 - Checking the presence of square brackets in hello this is just a test
02-Jan-22 00:43:47 - Appending to the single quotes list
02-Jan-22 00:43:47 - Checking the count of single quotes in hello this is just a test
02-Jan-22 00:43:47 - Appending to the double quotes list
02-Jan-22 00:43:47 - Checking the count of double quotes in hello this is just a test
02-Jan-22 00:43:47 - Appending to the asterisk presence list
02-Jan-22 00:43:47 - Checking the presence of asterisk in hello this is just a test
02-Jan-22 00:43:47 - Appending to the single slash start list
02-Jan-22 00:43:47 - Checking whether xpath hello this is just a test starts from single slash
02-Jan-22 00:43:47 - Appending to slashes absence check list
02-Jan-22 00:43:47 - Checking the presence of slashes in hello this is just a test
02-Jan-22 00:43:47 - Checking the presence of slashes in hello this is just a test
02-Jan-22 00:43:47 - Appending to the squared brackets list
02-Jan-22 00:43:47 - Checking the total square brackets in hello this is just a test
02-Jan-22 00:43:47 - Appending to alnum start list
02-Jan-22 00:43:47 - Checking if xpath hello this is just a test starts from alphanumeric
02-Jan-22 00:43:47 - Started the review decider function
02-Jan-22 00:43:47 - Writing the reviews to the updated dataframe
02-Jan-22 00:43:47 - Checking the total round brackets in //input[@id="idToken1"]
02-Jan-22 00:43:47 - Checking the total square brackets in //input[@id="idToken1"]
02-Jan-22 00:43:47 - Checking the presence of asterisk in //input[@id="idToken1"]
02-Jan-22 00:43:47 - Checking the count of single quotes in //input[@id="idToken1"]
02-Jan-22 00:43:47 - Checking the count of double quotes in //input[@id="idToken1"]
02-Jan-22 00:43:47 - Checking whether xpath //input[@id="idToken1"] starts from single slash
02-Jan-22 00:43:47 - Checking the presence of slashes in //input[@id="idToken1"]
02-Jan-22 00:43:47 - Checking if xpath //input[@id="idToken1"] starts from alphanumeric
02-Jan-22 00:43:47 - creating the list of xpaths
02-Jan-22 00:43:47 - Appending to the round brackets list
02-Jan-22 00:43:47 - Checking the total round brackets in //input[@id="idToken1"]
02-Jan-22 00:43:47 - Appending to square brackets square presence check list
02-Jan-22 00:43:47 - Checking the presence of square brackets in //input[@id="idToken1"]
02-Jan-22 00:43:47 - Appending to the single quotes list
02-Jan-22 00:43:47 - Checking the count of single quotes in //input[@id="idToken1"]
02-Jan-22 00:43:47 - Appending to the double quotes list
02-Jan-22 00:43:47 - Checking the count of double quotes in //input[@id="idToken1"]
02-Jan-22 00:43:47 - Appending to the asterisk presence list
02-Jan-22 00:43:47 - Checking the presence of asterisk in //input[@id="idToken1"]
02-Jan-22 00:43:47 - Appending to the single slash start list
02-Jan-22 00:43:47 - Checking whether xpath //input[@id="idToken1"] starts from single slash
02-Jan-22 00:43:47 - Appending to slashes absence check list
02-Jan-22 00:43:47 - Checking the presence of slashes in //input[@id="idToken1"]
02-Jan-22 00:43:47 - Checking the presence of slashes in //input[@id="idToken1"]
02-Jan-22 00:43:47 - Appending to the squared brackets list
02-Jan-22 00:43:47 - Checking the total square brackets in //input[@id="idToken1"]
02-Jan-22 00:43:47 - Appending to alnum start list
02-Jan-22 00:43:47 - Checking if xpath //input[@id="idToken1"] starts from alphanumeric
02-Jan-22 00:43:47 - Started the review decider function
02-Jan-22 00:43:47 - Writing the reviews to the updated dataframe
02-Jan-22 00:43:47 - Checking the total round brackets in hello//this is just a test
02-Jan-22 00:43:47 - Checking the total square brackets in hello//this is just a test
02-Jan-22 00:43:47 - Checking the presence of asterisk in hello//this is just a test
02-Jan-22 00:43:47 - Checking the count of single quotes in hello//this is just a test
02-Jan-22 00:43:47 - Checking the count of double quotes in hello//this is just a test
02-Jan-22 00:43:47 - Checking whether xpath hello//this is just a test starts from single slash
02-Jan-22 00:43:47 - Checking the presence of slashes in hello//this is just a test
02-Jan-22 00:43:47 - Checking if xpath hello//this is just a test starts from alphanumeric
02-Jan-22 00:43:47 - creating the list of xpaths
02-Jan-22 00:43:47 - Appending to the round brackets list
02-Jan-22 00:43:47 - Checking the total round brackets in hello//this is just a test
02-Jan-22 00:43:47 - Appending to square brackets square presence check list
02-Jan-22 00:43:47 - Checking the presence of square brackets in hello//this is just a test
02-Jan-22 00:43:47 - Appending to the single quotes list
02-Jan-22 00:43:47 - Checking the count of single quotes in hello//this is just a test
02-Jan-22 00:43:47 - Appending to the double quotes list
02-Jan-22 00:43:47 - Checking the count of double quotes in hello//this is just a test
02-Jan-22 00:43:47 - Appending to the asterisk presence list
02-Jan-22 00:43:47 - Checking the presence of asterisk in hello//this is just a test
02-Jan-22 00:43:47 - Appending to the single slash start list
02-Jan-22 00:43:47 - Checking whether xpath hello//this is just a test starts from single slash
02-Jan-22 00:43:47 - Appending to slashes absence check list
02-Jan-22 00:43:47 - Checking the presence of slashes in hello//this is just a test
02-Jan-22 00:43:47 - Checking the presence of slashes in hello//this is just a test
02-Jan-22 00:43:47 - Appending to the squared brackets list
02-Jan-22 00:43:47 - Checking the total square brackets in hello//this is just a test
02-Jan-22 00:43:47 - Appending to alnum start list
02-Jan-22 00:43:47 - Checking if xpath hello//this is just a test starts from alphanumeric
02-Jan-22 00:43:47 - Started the review decider function
02-Jan-22 00:43:47 - Writing the reviews to the updated dataframe
02-Jan-22 00:43:47 - Dealing with the empty rows of xpath column
02-Jan-22 00:43:47 - Dealing with the integer rows of xpath column
02-Jan-22 00:43:47 - Converting the updated dataframe to resource file
02-Jan-22 00:43:47 - Creating an empty dataframe as part of data preprocessor
02-Jan-22 00:43:47 - updating the preprocessed dataframe by appending the lists
02-Jan-22 00:43:47 - converting the appended dataframe into excel file
02-Jan-22 00:43:47 - 127.0.0.1 - - [02/Jan/2022 00:43:47] "POST /reviewing HTTP/1.1" 200 -
02-Jan-22 00:43:48 - 127.0.0.1 - - [02/Jan/2022 00:43:48] "GET /mlPrediction HTTP/1.1" 200 -
