28-Dec-21 18:18:49 - Storing the input file Resource2.xlsm to the directory C:\Users\atulkumarrai\PycharmProjects\Ineuron practice\Ineuron_practice\DAF_Code_Review\Input_Resource_Files
28-Dec-21 18:18:49 - Reading the file <FileStorage: 'Resource2.xlsm' ('application/vnd.ms-excel.sheet.macroEnabled.12')> entered by user
28-Dec-21 18:18:58 - Checking if file is empty
28-Dec-21 18:18:58 - Creating the Review columns
28-Dec-21 18:18:58 - Selecting column from input file to perform review
28-Dec-21 18:18:58 - converting pandas series to list
28-Dec-21 18:18:58 - Checking the total round brackets in //*(id='Atul')
28-Dec-21 18:18:58 - Checking the total square brackets in //*(id='Atul')
28-Dec-21 18:18:58 - Checking the presence of asterisk in //*(id='Atul')
28-Dec-21 18:18:58 - Checking the count of single quotes in //*(id='Atul')
28-Dec-21 18:18:58 - Checking the count of double quotes in //*(id='Atul')
28-Dec-21 18:18:58 - Checking whether xpath //*(id='Atul') starts from single slash
28-Dec-21 18:18:58 - Checking the presence of slashes in //*(id='Atul')
28-Dec-21 18:18:58 - Started the review decider function
28-Dec-21 18:18:58 - Writing the reviews to the updated dataframe
28-Dec-21 18:18:58 - Checking the total round brackets in 12345
28-Dec-21 18:18:58 - Checking the total square brackets in 12345
28-Dec-21 18:18:58 - Checking the presence of asterisk in 12345
28-Dec-21 18:18:58 - Checking the count of single quotes in 12345
28-Dec-21 18:18:58 - Checking the count of double quotes in 12345
28-Dec-21 18:18:58 - Checking whether xpath 12345 starts from single slash
28-Dec-21 18:18:58 - Checking the presence of slashes in 12345
28-Dec-21 18:18:58 - Started the review decider function
28-Dec-21 18:18:58 - Writing the reviews to the updated dataframe
28-Dec-21 18:18:58 - Checking the total round brackets in hello this is just a test
28-Dec-21 18:18:58 - Checking the total square brackets in hello this is just a test
28-Dec-21 18:18:58 - Checking the presence of asterisk in hello this is just a test
28-Dec-21 18:18:58 - Checking the count of single quotes in hello this is just a test
28-Dec-21 18:18:58 - Checking the count of double quotes in hello this is just a test
28-Dec-21 18:18:58 - Checking whether xpath hello this is just a test starts from single slash
28-Dec-21 18:18:58 - Checking the presence of slashes in hello this is just a test
28-Dec-21 18:18:58 - Started the review decider function
28-Dec-21 18:18:58 - Writing the reviews to the updated dataframe
28-Dec-21 18:18:58 - Checking the total round brackets in //input[@id="idToken1"]
28-Dec-21 18:18:58 - Checking the total square brackets in //input[@id="idToken1"]
28-Dec-21 18:18:58 - Checking the presence of asterisk in //input[@id="idToken1"]
28-Dec-21 18:18:58 - Checking the count of single quotes in //input[@id="idToken1"]
28-Dec-21 18:18:58 - Checking the count of double quotes in //input[@id="idToken1"]
28-Dec-21 18:18:58 - Checking whether xpath //input[@id="idToken1"] starts from single slash
28-Dec-21 18:18:58 - Checking the presence of slashes in //input[@id="idToken1"]
28-Dec-21 18:18:58 - Started the review decider function
28-Dec-21 18:18:58 - Writing the reviews to the updated dataframe
28-Dec-21 18:18:58 - Dealing with the empty rows of xpath column
28-Dec-21 18:18:58 - Dealing with the integer rows of xpath column
28-Dec-21 18:18:58 - Converting the updated dataframe to resource file
28-Dec-21 18:18:58 - 127.0.0.1 - - [28/Dec/2021 18:18:58] "POST /reviewing HTTP/1.1" 200 -
28-Dec-21 18:19:08 - fetching the latest file from directory C:\Users\atulkumarrai\PycharmProjects\Ineuron practice\Ineuron_practice\DAF_Code_Review\Reviewed_files for downloading
28-Dec-21 18:19:20 - 127.0.0.1 - - [28/Dec/2021 18:19:20] "GET /download HTTP/1.1" 200 -
28-Dec-21 21:41:56 -  * Detected change in 'C:\\Users\\atulkumarrai\\PycharmProjects\\Ineuron practice\\Ineuron_practice\\DAF_Code_Review\\main.py', reloading
